[0mCompiling "resources/public/js/main.js" from ["src/cljs"]...
notifying browser that file changed:  resources/public/js/goog/deps.js
notifying browser that file changed:  resources/public/js/cljs_deps.js
notifying browser that file changed:  out/starcity/core.js
[32mSuccessfully compiled "resources/public/js/main.js" in 0.234 seconds.[0m
[0mCompiling "resources/public/js/main.js" from ["src/cljs"]...
WARNING: Use of undeclared Var starcity.core/simple-example at line 18 src/cljs/starcity/core.cljs
notifying browser that file changed:  resources/public/js/cljs_deps.js
notifying browser that file changed:  out/starcity/core.js
[32mSuccessfully compiled "resources/public/js/main.js" in 1.982 seconds.[0m
[0mCompiling "resources/public/js/main.js" from ["src/cljs"]...
WARNING: Use of undeclared Var starcity.core/simple-example at line 20 src/cljs/starcity/core.cljs
notifying browser that file changed:  out/starcity/core.js
[32mSuccessfully compiled "resources/public/js/main.js" in 0.169 seconds.[0m
[0mCompiling "resources/public/js/main.js" from ["src/cljs"]...
WARNING: Use of undeclared Var starcity.core/simple-example at line 20 src/cljs/starcity/core.cljs
notifying browser that file changed:  out/starcity/core.js
[32mSuccessfully compiled "resources/public/js/main.js" in 0.175 seconds.[0m
[0mCompiling "resources/public/js/main.js" from ["src/cljs"]...
notifying browser that file changed:  out/starcity/core.js
[32mSuccessfully compiled "resources/public/js/main.js" in 0.147 seconds.[0m
[0mCompiling "resources/public/js/main.js" from ["src/cljs"]...
notifying browser that file changed:  resources/public/js/goog/deps.js
notifying browser that file changed:  resources/public/js/cljs_deps.js
notifying browser that file changed:  out/starcity/core.js
[32mSuccessfully compiled "resources/public/js/main.js" in 0.371 seconds.[0m
[0mCompiling "resources/public/js/main.js" from ["src/cljs"]...
notifying browser that file changed:  out/starcity/core.js
[32mSuccessfully compiled "resources/public/js/main.js" in 0.233 seconds.[0m
[0mCompiling "resources/public/js/main.js" from ["src/cljs"]...
notifying browser that file changed:  out/starcity/core.js
[32mSuccessfully compiled "resources/public/js/main.js" in 0.181 seconds.[0m
[0mCompiling "resources/public/js/main.js" from ["src/cljs"]...
notifying browser that file changed:  out/starcity/core.js
[32mSuccessfully compiled "resources/public/js/main.js" in 0.502 seconds.[0m
[0mCompiling "resources/public/js/main.js" from ["src/cljs"]...
notifying browser that file changed:  out/starcity/core.js
[32mSuccessfully compiled "resources/public/js/main.js" in 0.282 seconds.[0m
[0mCompiling "resources/public/js/main.js" from ["src/cljs"]...
notifying browser that file changed:  out/starcity/core.js
[32mSuccessfully compiled "resources/public/js/main.js" in 0.179 seconds.[0m
[0mCompiling "resources/public/js/main.js" from ["src/cljs"]...
notifying browser that file changed:  resources/public/js/cljs_deps.js
notifying browser that file changed:  out/starcity/dev.js
[32mSuccessfully compiled "resources/public/js/main.js" in 0.164 seconds.[0m
[0mCompiling "resources/public/js/main.js" from ["src/cljs"]...
notifying browser that file changed:  resources/public/js/cljs_deps.js
notifying browser that file changed:  out/starcity/dev.js
[32mSuccessfully compiled "resources/public/js/main.js" in 0.156 seconds.[0m
[0mCompiling "resources/public/js/main.js" from ["src/cljs"]...
WARNING: No such namespace: example, could not locate example.cljs, example.cljc, or Closure namespace "" at line 5 src/cljs/starcity/dev.cljs
WARNING: Use of undeclared Var example/run at line 5 src/cljs/starcity/dev.cljs
notifying browser that file changed:  out/starcity/dev.js
[32mSuccessfully compiled "resources/public/js/main.js" in 0.181 seconds.[0m
[0mCompiling "resources/public/js/main.js" from ["src/cljs"]...
notifying browser that file changed:  out/starcity/dev.js
[32mSuccessfully compiled "resources/public/js/main.js" in 0.163 seconds.[0m
[0mCompiling "resources/public/js/main.js" from ["src/cljs"]...
notifying browser that file changed:  out/starcity/core.js
[32mSuccessfully compiled "resources/public/js/main.js" in 0.153 seconds.[0m
[0mCompiling "resources/public/js/main.js" from ["src/cljs"]...
[31mCompiling "resources/public/js/main.js" failed.
[0mjava.lang.AssertionError: No ns form found in src/cljs/starcity/dev.cljs
 at cljs.analyzer$parse_ns$fn__2774.invoke (analyzer.cljc:2731)
    cljs.analyzer$parse_ns.invoke (analyzer.cljc:2682)
    cljs.analyzer$parse_ns.invoke (analyzer.cljc:2673)
    cljs.compiler$find_source.invoke (compiler.cljc:1389)
    clojure.core$map$fn__4553.invoke (core.clj:2624)
    clojure.lang.LazySeq.sval (LazySeq.java:40)
    clojure.lang.LazySeq.seq (LazySeq.java:49)
    clojure.lang.Cons.next (Cons.java:39)
    clojure.lang.RT.next (RT.java:674)
    clojure.core/next (core.clj:64)
    clojure.core$reduce1.invoke (core.clj:909)
    clojure.core$set.invoke (core.clj:3960)
    cljs.closure$add_dependency_sources.invoke (closure.clj:731)
    cljs.closure$build.invoke (closure.clj:1807)
    cljs.build.api$build.invoke (api.clj:207)
    figwheel_sidecar.components.cljs_autobuild$cljs_build.invoke (cljs_autobuild.clj:22)
    figwheel_sidecar.build_middleware.injection$hook$fn__16413.invoke (injection.clj:139)
    figwheel_sidecar.build_middleware.notifications$hook$fn__16740.invoke (notifications.clj:187)
    figwheel_sidecar.build_middleware.clj_reloading$hook$fn__16816.invoke (clj_reloading.clj:115)
    figwheel_sidecar.build_middleware.javascript_reloading$hook$fn__16862.invoke (javascript_reloading.clj:60)
    figwheel_sidecar.components.cljs_autobuild$eval16877$figwheel_start_and_end_messages__16880$fn__16882.invoke (cljs_autobuild.clj:45)
    figwheel_sidecar.components.cljs_autobuild.CLJSAutobuild$fn__16907$fn__16908.invoke (cljs_autobuild.clj:137)
    figwheel_sidecar.utils$sync_exec$fn__2823$fn__2824.invoke (utils.clj:13)
    figwheel_sidecar.utils$sync_exec$fn__2823.invoke (utils.clj:12)
    clojure.core$binding_conveyor_fn$fn__4444.invoke (core.clj:1919)
    clojure.lang.AFn.applyToHelper (AFn.java:154)
    clojure.lang.RestFn.applyTo (RestFn.java:132)
    clojure.lang.Agent$Action.doRun (Agent.java:114)
    clojure.lang.Agent$Action.run (Agent.java:163)
    java.util.concurrent.ThreadPoolExecutor.runWorker (ThreadPoolExecutor.java:1145)
[32mSuccessfully compiled "resources/public/js/main.js" in 0.033 seconds.[0m
[0mCompiling "resources/public/js/main.js" from ["src/cljs"]...
notifying browser that file changed:  resources/public/js/goog/deps.js
notifying browser that file changed:  resources/public/js/cljs_deps.js
notifying browser that file changed:  out/starcity/core.js
[32mSuccessfully compiled "resources/public/js/main.js" in 0.227 seconds.[0m
[0mCompiling "resources/public/js/main.js" from ["src/cljs"]...
notifying browser that file changed:  out/starcity/core.js
[32mSuccessfully compiled "resources/public/js/main.js" in 0.179 seconds.[0m
[0mCompiling "resources/public/js/main.js" from ["src/cljs"]...
notifying browser that file changed:  out/starcity/core.js
[32mSuccessfully compiled "resources/public/js/main.js" in 0.13 seconds.[0m
[0mCompiling "resources/public/js/main.js" from ["src/cljs"]...
notifying browser that file changed:  out/starcity/core.js
[32mSuccessfully compiled "resources/public/js/main.js" in 0.142 seconds.[0m
[0mCompiling "resources/public/js/main.js" from ["src/cljs"]...
notifying browser that file changed:  resources/public/js/goog/deps.js
notifying browser that file changed:  resources/public/js/cljs_deps.js
notifying browser that file changed:  out/starcity/core.js
[32mSuccessfully compiled "resources/public/js/main.js" in 0.308 seconds.[0m
[0mCompiling "resources/public/js/main.js" from ["src/cljs"]...
notifying browser that file changed:  resources/public/js/out/goog/deps.js
notifying browser that file changed:  resources/public/js/out/cljs_deps.js
notifying browser that file changed:  out/starcity/core.js
[32mSuccessfully compiled "resources/public/js/main.js" in 0.256 seconds.[0m
[0mCompiling "resources/public/js/main.js" from ["src/cljs"]...
notifying browser that file changed:  resources/public/js/out/goog/deps.js
notifying browser that file changed:  resources/public/js/out/cljs_deps.js
notifying browser that file changed:  out/starcity/core.js
[32mSuccessfully compiled "resources/public/js/main.js" in 0.293 seconds.[0m
[0mCompiling "resources/public/js/main.js" from ["src/cljs"]...
notifying browser that file changed:  resources/public/js/out/cljs_deps.js
notifying browser that file changed:  out/starcity/core.js
[32mSuccessfully compiled "resources/public/js/main.js" in 4.12 seconds.[0m
[0mCompiling "resources/public/js/main.js" from ["src/cljs"]...
notifying browser that file changed:  out/starcity/core.js
[32mSuccessfully compiled "resources/public/js/main.js" in 0.21 seconds.[0m
[0mCompiling "resources/public/js/main.js" from ["src/cljs"]...
notifying browser that file changed:  out/starcity/core.js
[32mSuccessfully compiled "resources/public/js/main.js" in 0.215 seconds.[0m
[0mCompiling "resources/public/js/main.js" from ["src/cljs"]...
notifying browser that file changed:  out/starcity/core.js
[32mSuccessfully compiled "resources/public/js/main.js" in 0.21 seconds.[0m
[0mCompiling "resources/public/js/main.js" from ["src/cljs"]...
notifying browser that file changed:  out/starcity/core.js
[32mSuccessfully compiled "resources/public/js/main.js" in 0.209 seconds.[0m
[0mCompiling "resources/public/js/main.js" from ["src/cljs"]...
notifying browser that file changed:  out/starcity/core.js
[32mSuccessfully compiled "resources/public/js/main.js" in 0.204 seconds.[0m
[0mCompiling "resources/public/js/main.js" from ["src/cljs"]...
notifying browser that file changed:  out/starcity/core.js
[32mSuccessfully compiled "resources/public/js/main.js" in 0.22 seconds.[0m
[0mCompiling "resources/public/js/main.js" from ["src/cljs"]...
notifying browser that file changed:  out/starcity/core.js
[32mSuccessfully compiled "resources/public/js/main.js" in 0.204 seconds.[0m
[0mCompiling "resources/public/js/main.js" from ["src/cljs"]...
notifying browser that file changed:  out/starcity/core.js
[32mSuccessfully compiled "resources/public/js/main.js" in 0.202 seconds.[0m
[0mCompiling "resources/public/js/main.js" from ["src/cljs"]...
notifying browser that file changed:  out/starcity/core.js
[32mSuccessfully compiled "resources/public/js/main.js" in 0.22 seconds.[0m
[0mCompiling "resources/public/js/main.js" from ["src/cljs"]...
notifying browser that file changed:  out/starcity/core.js
[32mSuccessfully compiled "resources/public/js/main.js" in 0.198 seconds.[0m
[0mCompiling "resources/public/js/main.js" from ["src/cljs"]...
WARNING: Wrong number of args (2) passed to cljs.core/assoc-in at line 24 /Users/argyre/Projects/starcity/starcity/src/cljs/starcity/core.cljs
notifying browser that file changed:  out/starcity/core.js
[32mSuccessfully compiled "resources/public/js/main.js" in 0.24 seconds.[0m
[0mCompiling "resources/public/js/main.js" from ["src/cljs"]...
WARNING: Wrong number of args (2) passed to cljs.core/assoc-in at line 24 /Users/argyre/Projects/starcity/starcity/src/cljs/starcity/core.cljs
WARNING: Wrong number of args (1) passed to re-frame.core/register-handler at line 26 /Users/argyre/Projects/starcity/starcity/src/cljs/starcity/core.cljs
notifying browser that file changed:  out/starcity/core.js
[32mSuccessfully compiled "resources/public/js/main.js" in 0.234 seconds.[0m
[0mCompiling "resources/public/js/main.js" from ["src/cljs"]...
WARNING: Wrong number of args (2) passed to cljs.core/assoc-in at line 24 /Users/argyre/Projects/starcity/starcity/src/cljs/starcity/core.cljs
notifying browser that file changed:  out/starcity/core.js
[32mSuccessfully compiled "resources/public/js/main.js" in 0.216 seconds.[0m
[0mCompiling "resources/public/js/main.js" from ["src/cljs"]...
WARNING: Wrong number of args (2) passed to cljs.core/assoc-in at line 24 /Users/argyre/Projects/starcity/starcity/src/cljs/starcity/core.cljs
notifying browser that file changed:  out/starcity/core.js
[32mSuccessfully compiled "resources/public/js/main.js" in 0.205 seconds.[0m
[0mCompiling "resources/public/js/main.js" from ["src/cljs"]...
WARNING: Wrong number of args (2) passed to cljs.core/assoc-in at line 24 /Users/argyre/Projects/starcity/starcity/src/cljs/starcity/core.cljs
notifying browser that file changed:  out/starcity/core.js
[32mSuccessfully compiled "resources/public/js/main.js" in 0.228 seconds.[0m
[0mCompiling "resources/public/js/main.js" from ["src/cljs"]...
notifying browser that file changed:  out/starcity/core.js
[32mSuccessfully compiled "resources/public/js/main.js" in 0.184 seconds.[0m
[0mCompiling "resources/public/js/main.js" from ["src/cljs"]...
notifying browser that file changed:  out/starcity/core.js
[32mSuccessfully compiled "resources/public/js/main.js" in 0.211 seconds.[0m
[0mCompiling "resources/public/js/main.js" from ["src/cljs"]...
notifying browser that file changed:  out/starcity/core.js
[32mSuccessfully compiled "resources/public/js/main.js" in 0.184 seconds.[0m
[0mCompiling "resources/public/js/main.js" from ["src/cljs"]...
notifying browser that file changed:  out/starcity/core.js
[32mSuccessfully compiled "resources/public/js/main.js" in 0.21 seconds.[0m
[0mCompiling "resources/public/js/main.js" from ["src/cljs"]...
notifying browser that file changed:  out/starcity/core.js
[32mSuccessfully compiled "resources/public/js/main.js" in 0.19 seconds.[0m
[0mCompiling "resources/public/js/main.js" from ["src/cljs"]...
[31mCompiling "resources/public/js/main.js" failed.
[0mANALYSIS ERROR: Unsupported binding form: (subscribe [:input-text]) at line 35 /Users/argyre/Projects/starcity/starcity/src/cljs/starcity/core.cljs on file /Users/argyre/Projects/starcity/starcity/src/cljs/starcity/core.cljs, line 35, column 3
[32mSuccessfully compiled "resources/public/js/main.js" in 0.17 seconds.[0m
[0mCompiling "resources/public/js/main.js" from ["src/cljs"]...
notifying browser that file changed:  out/starcity/core.js
[32mSuccessfully compiled "resources/public/js/main.js" in 0.192 seconds.[0m
[0mCompiling "resources/public/js/main.js" from ["src/cljs"]...
notifying browser that file changed:  out/starcity/core.js
[32mSuccessfully compiled "resources/public/js/main.js" in 0.187 seconds.[0m
[0mCompiling "resources/public/js/main.js" from ["src/cljs"]...
notifying browser that file changed:  out/starcity/core.js
[32mSuccessfully compiled "resources/public/js/main.js" in 0.186 seconds.[0m
[0mCompiling "resources/public/js/main.js" from ["src/cljs"]...
notifying browser that file changed:  out/starcity/core.js
[32mSuccessfully compiled "resources/public/js/main.js" in 0.184 seconds.[0m
[0mCompiling "resources/public/js/main.js" from ["src/cljs"]...
notifying browser that file changed:  out/starcity/core.js
[32mSuccessfully compiled "resources/public/js/main.js" in 0.193 seconds.[0m
[0mCompiling "resources/public/js/main.js" from ["src/cljs"]...
notifying browser that file changed:  resources/public/js/out/cljs_deps.js
notifying browser that file changed:  out/starcity/components/input_text.js
[32mSuccessfully compiled "resources/public/js/main.js" in 0.191 seconds.[0m
[0mCompiling "resources/public/js/main.js" from ["src/cljs"]...
WARNING: No such namespace: routes, could not locate routes.cljs, routes.cljc, or Closure namespace "" at line 55 /Users/argyre/Projects/starcity/starcity/src/cljs/starcity/core.cljs
WARNING: Use of undeclared Var routes/app-routes at line 55 /Users/argyre/Projects/starcity/starcity/src/cljs/starcity/core.cljs
notifying browser that file changed:  resources/public/js/out/goog/deps.js
notifying browser that file changed:  resources/public/js/out/cljs_deps.js
notifying browser that file changed:  out/starcity/core.js
[32mSuccessfully compiled "resources/public/js/main.js" in 0.41 seconds.[0m
[0mCompiling "resources/public/js/main.js" from ["src/cljs"]...
notifying browser that file changed:  resources/public/js/out/cljs_deps.js
notifying browser that file changed:  out/starcity/core.js
[32mSuccessfully compiled "resources/public/js/main.js" in 0.267 seconds.[0m
[0mCompiling "resources/public/js/main.js" from ["src/cljs"]...
notifying browser that file changed:  out/starcity/core.js
[32mSuccessfully compiled "resources/public/js/main.js" in 0.233 seconds.[0m
[0mCompiling "resources/public/js/main.js" from ["src/cljs"]...
notifying browser that file changed:  out/starcity/core.js
[32mSuccessfully compiled "resources/public/js/main.js" in 0.295 seconds.[0m
[0mCompiling "resources/public/js/main.js" from ["src/cljs"]...
notifying browser that file changed:  out/starcity/routes.js
[32mSuccessfully compiled "resources/public/js/main.js" in 0.288 seconds.[0m
[0mCompiling "resources/public/js/main.js" from ["src/cljs"]...
notifying browser that file changed:  out/starcity/core.js
[32mSuccessfully compiled "resources/public/js/main.js" in 0.247 seconds.[0m
[0mCompiling "resources/public/js/main.js" from ["src/cljs"]...
notifying browser that file changed:  out/starcity/routes.js
[32mSuccessfully compiled "resources/public/js/main.js" in 0.275 seconds.[0m
[0mCompiling "resources/public/js/main.js" from ["src/cljs"]...
notifying browser that file changed:  out/starcity/core.js
[32mSuccessfully compiled "resources/public/js/main.js" in 0.255 seconds.[0m
[0mCompiling "resources/public/js/main.js" from ["src/cljs"]...
notifying browser that file changed:  resources/public/js/out/goog/deps.js
notifying browser that file changed:  resources/public/js/out/cljs_deps.js
notifying browser that file changed:  out/starcity/core.js
[32mSuccessfully compiled "resources/public/js/main.js" in 0.432 seconds.[0m
[0mCompiling "resources/public/js/main.js" from ["src/cljs"]...
notifying browser that file changed:  out/starcity/core.js
[32mSuccessfully compiled "resources/public/js/main.js" in 0.306 seconds.[0m
[0mCompiling "resources/public/js/main.js" from ["src/cljs"]...
notifying browser that file changed:  out/starcity/core.js
[32mSuccessfully compiled "resources/public/js/main.js" in 0.283 seconds.[0m
[0mCompiling "resources/public/js/main.js" from ["src/cljs"]...
notifying browser that file changed:  out/starcity/core.js
[32mSuccessfully compiled "resources/public/js/main.js" in 0.262 seconds.[0m
[0mCompiling "resources/public/js/main.js" from ["src/cljs"]...
WARNING: Use of undeclared Var starcity.core/box at line 49 /Users/argyre/Projects/starcity/starcity/src/cljs/starcity/core.cljs
WARNING: Use of undeclared Var starcity.core/box at line 50 /Users/argyre/Projects/starcity/starcity/src/cljs/starcity/core.cljs
WARNING: Use of undeclared Var starcity.core/box at line 51 /Users/argyre/Projects/starcity/starcity/src/cljs/starcity/core.cljs
notifying browser that file changed:  out/starcity/core.js
[32mSuccessfully compiled "resources/public/js/main.js" in 0.305 seconds.[0m
[0mCompiling "resources/public/js/main.js" from ["src/cljs"]...
notifying browser that file changed:  out/starcity/core.js
[32mSuccessfully compiled "resources/public/js/main.js" in 0.262 seconds.[0m
[0mCompiling "resources/public/js/main.js" from ["src/cljs"]...
notifying browser that file changed:  out/starcity/core.js
[32mSuccessfully compiled "resources/public/js/main.js" in 0.242 seconds.[0m
[0mCompiling "resources/public/js/main.js" from ["src/cljs"]...
notifying browser that file changed:  out/starcity/core.js
[32mSuccessfully compiled "resources/public/js/main.js" in 0.242 seconds.[0m
[0mCompiling "resources/public/js/main.js" from ["src/cljs"]...
notifying browser that file changed:  out/starcity/core.js
[32mSuccessfully compiled "resources/public/js/main.js" in 0.263 seconds.[0m
[0mCompiling "resources/public/js/main.js" from ["src/cljs"]...
notifying browser that file changed:  out/starcity/core.js
[32mSuccessfully compiled "resources/public/js/main.js" in 0.252 seconds.[0m
[0mCompiling "resources/public/js/main.js" from ["src/cljs"]...
notifying browser that file changed:  out/starcity/core.js
[32mSuccessfully compiled "resources/public/js/main.js" in 0.249 seconds.[0m
[0mCompiling "resources/public/js/main.js" from ["src/cljs"]...
notifying browser that file changed:  out/starcity/core.js
[32mSuccessfully compiled "resources/public/js/main.js" in 0.232 seconds.[0m
[0mCompiling "resources/public/js/main.js" from ["src/cljs"]...
notifying browser that file changed:  out/starcity/core.js
[32mSuccessfully compiled "resources/public/js/main.js" in 0.227 seconds.[0m
[0mCompiling "resources/public/js/main.js" from ["src/cljs"]...
notifying browser that file changed:  out/starcity/core.js
[32mSuccessfully compiled "resources/public/js/main.js" in 0.219 seconds.[0m
[0mCompiling "resources/public/js/main.js" from ["src/cljs"]...
notifying browser that file changed:  out/starcity/core.js
[32mSuccessfully compiled "resources/public/js/main.js" in 0.918 seconds.[0m
